2024-12-27 10:10:11,955 - INFO - Command line arguments received: ['\\\\?\\C:\\Users\\Eigenaar\\anaconda3\\envs\\MuscleMap\\Scripts\\mm_train']
2024-12-27 10:10:11,956 - INFO - Loading configuration from: ./training_configuration.json
2024-12-27 10:10:11,956 - INFO - Training Parameters:
2024-12-27 10:10:11,956 - INFO -   Data Directory: C:\Users\Eigenaar\data
2024-12-27 10:10:11,957 - INFO -   Model Directory: C:\Users\Eigenaar\data\models
2024-12-27 10:10:11,957 - INFO -   Spatial Window Size: (128, 128, 1)
2024-12-27 10:10:11,957 - INFO -   Batch Size (Window): 10
2024-12-27 10:10:11,957 - INFO -   Batch Size (Training): 2
2024-12-27 10:10:11,957 - INFO -   Number of Labels: 14
2024-12-27 10:10:11,957 - INFO -   Pixel Dimensions: (1, 1, -1)
2024-12-27 10:10:11,957 - INFO -   Stop training at iteration: 20
2024-12-27 10:10:11,957 - INFO -   Evaluation / Checkpoint Frequency: 10
2024-12-27 10:10:11,957 - INFO -   Load Checkpoint Flag: False
2024-12-27 10:10:11,958 - INFO -   Starting Iteration: 0
2024-12-27 10:10:11,977 - INFO - I'm using the GPU.
2024-12-27 10:10:11,980 - INFO - Total training pairs from BIDS structure: 4
2024-12-27 10:10:11,980 - INFO - Total CT pairs = 3
2024-12-27 10:10:11,980 - INFO - Total inphase pairs = 1
2024-12-27 10:10:17,300 - INFO - Starting training loop...
2024-12-27 10:10:32,036 - INFO - Saved checkpoint to model_iteration_0.pth
2024-12-27 10:10:32,037 - INFO - Step 1 / 20 | Loss = 4.0237 | LR = 1.0000e-02
2024-12-27 10:10:44,232 - INFO - Step 2 / 20 | Loss = 3.8184 | LR = 9.5489e-03
2024-12-27 10:10:57,391 - INFO - Step 3 / 20 | Loss = 3.5576 | LR = 9.0953e-03
2024-12-27 10:11:10,823 - INFO - Step 4 / 20 | Loss = 3.2440 | LR = 8.6393e-03
2024-12-27 10:11:24,472 - INFO - Step 5 / 20 | Loss = 2.8468 | LR = 8.1805e-03
2024-12-27 10:11:37,821 - INFO - Step 6 / 20 | Loss = 2.7399 | LR = 7.7189e-03
2024-12-27 10:11:51,589 - INFO - Step 7 / 20 | Loss = 2.3621 | LR = 7.2542e-03
2024-12-27 10:12:04,593 - INFO - Step 8 / 20 | Loss = 2.2028 | LR = 6.7861e-03
2024-12-27 10:12:18,198 - INFO - Step 9 / 20 | Loss = 2.1043 | LR = 6.3145e-03
2024-12-27 10:12:31,207 - INFO - Step 10 / 20 | Loss = 2.3214 | LR = 5.8388e-03
2024-12-27 10:12:44,717 - INFO - Saved checkpoint to model_iteration_10.pth
2024-12-27 10:12:44,718 - INFO - Step 11 / 20 | Loss = 2.0815 | LR = 5.3589e-03
2024-12-27 10:12:57,959 - INFO - Step 12 / 20 | Loss = 1.9721 | LR = 4.8741e-03
2024-12-27 10:13:11,769 - INFO - Step 13 / 20 | Loss = 2.2127 | LR = 4.3838e-03
2024-12-27 10:13:25,154 - INFO - Step 14 / 20 | Loss = 2.4081 | LR = 3.8874e-03
2024-12-27 10:13:38,574 - INFO - Step 15 / 20 | Loss = 2.2436 | LR = 3.3838e-03
2024-12-27 10:13:51,562 - INFO - Step 16 / 20 | Loss = 2.2582 | LR = 2.8717e-03
2024-12-27 10:14:04,981 - INFO - Step 17 / 20 | Loss = 2.2978 | LR = 2.3492e-03
2024-12-27 10:14:18,154 - INFO - Step 18 / 20 | Loss = 2.0530 | LR = 1.8134e-03
2024-12-27 10:14:31,539 - INFO - Step 19 / 20 | Loss = 2.0012 | LR = 1.2589e-03
2024-12-27 10:14:44,565 - INFO - Step 20 / 20 | Loss = 2.8857 | LR = 6.7464e-04
2024-12-27 10:14:44,566 - INFO - Training completed successfully!
